<?xml version="1.0" encoding="UTF-8"?>
<!-- Generated by org.testng.reporters.JUnitXMLReporter -->
<testsuite ignored="1" hostname="DESKTOP-BIQO3F1" failures="1" tests="20" name="Test" time="0.151" errors="0" timestamp="2023-05-03T18:00:11 IST">
  <testcase classname="testNgExamples.Ex1" name="test1" time="0.005"/>
  <testcase classname="testNgExamples.Ex1" name="test2" time="0.002"/>
  <testcase classname="testNgExamples.Ex2" name="test1" time="0.001"/>
  <testcase classname="testNgExamples.Ex2" name="test2" time="0.002"/>
  <testcase classname="testNgExamples.Ex3" name="test1" time="0.003"/>
  <testcase classname="testNgExamples.Ex3" name="test1" time="0.003"/>
  <testcase classname="testNgExamples.Ex3" name="test2" time="0.003"/>
  <testcase classname="testNgExamples.Ex3" name="test3" time="0.002"/>
  <testcase classname="testNgExamples.Ex4" name="test3" time="0.002"/>
  <testcase classname="testNgExamples.Ex4" name="test2" time="0.007"/>
  <testcase classname="testNgExamples.Ex4" name="test1" time="0.001"/>
  <testcase classname="testNgExamples.Ex5" name="test2" time="0.001"/>
  <testcase classname="testNgExamples.Ex5" name="test3" time="0.001"/>
  <testcase classname="testNgExamples.Ex6" name="test1" time="0.001">
    <failure type="java.lang.ArithmeticException" message="/ by zero">
      <![CDATA[java.lang.ArithmeticException: / by zero
at testNgExamples.Ex6.test1(Ex6.java:9)
at java.base/java.util.ArrayList.forEach(ArrayList.java:1511)
... Removed 27 stack frames]]>
    </failure>
  </testcase> <!-- test1 -->
  <testcase classname="testNgExamples.Ex6" name="test2" time="0.0">
    <skipped/>
  </testcase> <!-- test2 -->
  <testcase classname="testNgExamples.Ex6" name="test3" time="0.001"/>
  <testcase classname="testNgExamples.Ex7" name="test1" time="0.001"/>
  <testcase classname="testNgExamples.Ex7" name="test2" time="0.001"/>
  <testcase classname="testNgExamples.Ex7" name="test3" time="0.001"/>
  <testcase classname="testNgExamples.Ex8" name="login" time="0.001"/>
  <testcase classname="testNgExamples.Ex5" name="test1" time="0.0">
    <ignored/>
  </testcase> <!-- test1 -->
</testsuite> <!-- Test -->
