<?xml version="1.0" encoding="UTF-8"?>
<testng-results ignored="0" total="2" passed="2" failed="0" skipped="0">
  <reporter-output>
  </reporter-output>
  <suite started-at="2023-05-12T08:46:03 IST" name="Default suite" finished-at="2023-05-12T08:46:03 IST" duration-ms="98">
    <groups>
    </groups>
    <test started-at="2023-05-12T08:46:03 IST" name="Default test" finished-at="2023-05-12T08:46:03 IST" duration-ms="98">
      <class name="testNgExamples.Ex1">
        <test-method signature="test1()[pri:0, instance:testNgExamples.Ex1@609db43b]" started-at="2023-05-12T08:46:03 IST" name="test1" finished-at="2023-05-12T08:46:03 IST" duration-ms="14" status="PASS">
          <reporter-output>
          </reporter-output>
        </test-method> <!-- test1 -->
        <test-method signature="test2()[pri:0, instance:testNgExamples.Ex1@609db43b]" started-at="2023-05-12T08:46:03 IST" name="test2" finished-at="2023-05-12T08:46:03 IST" duration-ms="5" status="PASS">
          <reporter-output>
          </reporter-output>
        </test-method> <!-- test2 -->
      </class> <!-- testNgExamples.Ex1 -->
    </test> <!-- Default test -->
  </suite> <!-- Default suite -->
</testng-results>
